<?xml version="1.0" encoding="UTF-8"?>
<testsuite xmlns:xsi="http://www.w3.org/2001/XMLSchema-instance" xsi:noNamespaceSchemaLocation="https://maven.apache.org/surefire/maven-surefire-plugin/xsd/surefire-test-report.xsd" name="com.mycompany.app.BalancedBracketsTest" time="0.001" tests="7" errors="0" skipped="0" failures="0">
  <properties>
    <property name="java.specification.version" value="19"/>
    <property name="sun.jnu.encoding" value="UTF-8"/>
    <property name="java.class.path" value="/Users/emerson/java-tutorials/unit4/my-app/target/test-classes:/Users/emerson/java-tutorials/unit4/my-app/target/classes:/Users/emerson/.m2/repository/junit/junit/4.11/junit-4.11.jar:/Users/emerson/.m2/repository/org/hamcrest/hamcrest-core/1.3/hamcrest-core-1.3.jar:"/>
    <property name="java.vm.vendor" value="Oracle Corporation"/>
    <property name="sun.arch.data.model" value="64"/>
    <property name="java.vendor.url" value="https://java.oracle.com/"/>
    <property name="os.name" value="Mac OS X"/>
    <property name="java.vm.specification.version" value="19"/>
    <property name="sun.java.launcher" value="SUN_STANDARD"/>
    <property name="user.country" value="US"/>
    <property name="sun.boot.library.path" value="/Library/Java/JavaVirtualMachines/jdk-19.jdk/Contents/Home/lib"/>
    <property name="sun.java.command" value="/Users/emerson/java-tutorials/unit4/my-app/target/surefire/surefirebooter11098819632640185763.jar /Users/emerson/java-tutorials/unit4/my-app/target/surefire 2023-04-05T11-57-08_379-jvmRun1 surefire8684564309174436027tmp surefire_06250610217443005060tmp"/>
    <property name="http.nonProxyHosts" value="local|*.local|169.254/16|*.169.254/16"/>
    <property name="jdk.debug" value="release"/>
    <property name="surefire.test.class.path" value="/Users/emerson/java-tutorials/unit4/my-app/target/test-classes:/Users/emerson/java-tutorials/unit4/my-app/target/classes:/Users/emerson/.m2/repository/junit/junit/4.11/junit-4.11.jar:/Users/emerson/.m2/repository/org/hamcrest/hamcrest-core/1.3/hamcrest-core-1.3.jar:"/>
    <property name="sun.cpu.endian" value="little"/>
    <property name="user.home" value="/Users/emerson"/>
    <property name="user.language" value="en"/>
    <property name="java.specification.vendor" value="Oracle Corporation"/>
    <property name="java.version.date" value="2023-01-17"/>
    <property name="java.home" value="/Library/Java/JavaVirtualMachines/jdk-19.jdk/Contents/Home"/>
    <property name="file.separator" value="/"/>
    <property name="basedir" value="/Users/emerson/java-tutorials/unit4/my-app"/>
    <property name="java.vm.compressedOopsMode" value="Zero based"/>
    <property name="line.separator" value="&#10;"/>
    <property name="java.vm.specification.vendor" value="Oracle Corporation"/>
    <property name="java.specification.name" value="Java Platform API Specification"/>
    <property name="apple.awt.application.name" value="ForkedBooter"/>
    <property name="surefire.real.class.path" value="/Users/emerson/java-tutorials/unit4/my-app/target/surefire/surefirebooter11098819632640185763.jar"/>
    <property name="sun.management.compiler" value="HotSpot 64-Bit Tiered Compilers"/>
    <property name="ftp.nonProxyHosts" value="local|*.local|169.254/16|*.169.254/16"/>
    <property name="java.runtime.version" value="19.0.2+7-44"/>
    <property name="user.name" value="emerson"/>
    <property name="stdout.encoding" value="UTF-8"/>
    <property name="path.separator" value=":"/>
    <property name="os.version" value="13.3"/>
    <property name="java.runtime.name" value="Java(TM) SE Runtime Environment"/>
    <property name="file.encoding" value="UTF-8"/>
    <property name="java.vm.name" value="Java HotSpot(TM) 64-Bit Server VM"/>
    <property name="localRepository" value="/Users/emerson/.m2/repository"/>
    <property name="java.vendor.url.bug" value="https://bugreport.java.com/bugreport/"/>
    <property name="java.io.tmpdir" value="/var/folders/_x/3htsm1qn72z0_c76_028w9nm0000gn/T/"/>
    <property name="java.version" value="19.0.2"/>
    <property name="user.dir" value="/Users/emerson/java-tutorials/unit4/my-app"/>
    <property name="os.arch" value="x86_64"/>
    <property name="java.vm.specification.name" value="Java Virtual Machine Specification"/>
    <property name="native.encoding" value="UTF-8"/>
    <property name="java.library.path" value="/Users/emerson/Library/Java/Extensions:/Library/Java/Extensions:/Network/Library/Java/Extensions:/System/Library/Java/Extensions:/usr/lib/java:."/>
    <property name="java.vm.info" value="mixed mode, sharing"/>
    <property name="stderr.encoding" value="UTF-8"/>
    <property name="java.vendor" value="Oracle Corporation"/>
    <property name="java.vm.version" value="19.0.2+7-44"/>
    <property name="sun.io.unicode.encoding" value="UnicodeBig"/>
    <property name="socksNonProxyHosts" value="local|*.local|169.254/16|*.169.254/16"/>
    <property name="java.class.version" value="63.0"/>
  </properties>
  <testcase name="testBalancedBrackets_startWithClosedParens" classname="com.mycompany.app.BalancedBracketsTest" time="0"/>
  <testcase name="testBalancedBrackets_emptyString" classname="com.mycompany.app.BalancedBracketsTest" time="0"/>
  <testcase name="testBalancedBrackets_tooManyOpenParens" classname="com.mycompany.app.BalancedBracketsTest" time="0"/>
  <testcase name="testBalancedBrackets_tooManyClosedParens" classname="com.mycompany.app.BalancedBracketsTest" time="0"/>
  <testcase name="testBalancedBrackets_mismatchedBrackets" classname="com.mycompany.app.BalancedBracketsTest" time="0"/>
  <testcase name="testBalancedBrackets_balancedComboBrackets" classname="com.mycompany.app.BalancedBracketsTest" time="0"/>
  <testcase name="testBalancedBrackets_balancedParens" classname="com.mycompany.app.BalancedBracketsTest" time="0.001"/>
</testsuite>